<?xml version="1.0" encoding="UTF-8"?>
<!-- Generated by org.testng.reporters.JUnitReportReporter -->
<testsuite hostname="PUNsgomes0MFVH7.local" name="com.forrester.testCases.Navigate" tests="1" failures="0" timestamp="1 Dec 2016 11:39:55 GMT" time="48.736" errors="0">
  <testcase name="navigateaction" time="48.736" classname="com.forrester.testCases.Navigate"/>
</testsuite> <!-- com.forrester.testCases.Navigate -->
